{"/Users/kam/worker/github/sukee/components/index.tsx": {"path":"/Users/kam/worker/github/sukee/components/index.tsx","statementMap":{},"fnMap":{},"branchMap":{},"s":{},"f":{},"b":{},"_coverageSchema":"1a1c01bbd47fc00a2c39e90264f33305004495a9","hash":"3bd46a6d1a0c3146243e1edac1f1e64d9587bcf3"}
,"/Users/kam/worker/github/sukee/components/button/Button.tsx": {"path":"/Users/kam/worker/github/sukee/components/button/Button.tsx","statementMap":{"0":{"start":{"line":32,"column":5},"end":{"line":32,"column":10}},"1":{"start":{"line":34,"column":24},"end":{"line":34,"column":35}},"2":{"start":{"line":35,"column":19},"end":{"line":35,"column":61}},"3":{"start":{"line":37,"column":17},"end":{"line":45,"column":2}},"4":{"start":{"line":47,"column":1},"end":{"line":49,"column":2}}},"fnMap":{"0":{"name":"Button","decl":{"start":{"line":23,"column":9},"end":{"line":23,"column":15}},"loc":{"start":{"line":23,"column":36},"end":{"line":50,"column":1}},"line":23}},"branchMap":{"0":{"loc":{"start":{"line":29,"column":2},"end":{"line":29,"column":21}},"type":"default-arg","locations":[{"start":{"line":29,"column":13},"end":{"line":29,"column":21}}],"line":29},"1":{"loc":{"start":{"line":30,"column":2},"end":{"line":30,"column":19}},"type":"default-arg","locations":[{"start":{"line":30,"column":10},"end":{"line":30,"column":19}}],"line":30},"2":{"loc":{"start":{"line":31,"column":2},"end":{"line":31,"column":18}},"type":"default-arg","locations":[{"start":{"line":31,"column":9},"end":{"line":31,"column":18}}],"line":31}},"s":{"0":1,"1":1,"2":1,"3":1,"4":1},"f":{"0":1},"b":{"0":[1],"1":[1],"2":[1]},"_coverageSchema":"1a1c01bbd47fc00a2c39e90264f33305004495a9","hash":"52ebddc5f411d33941258d03d08ff0c8b1de9397"}
,"/Users/kam/worker/github/sukee/components/button/index.ts": {"path":"/Users/kam/worker/github/sukee/components/button/index.ts","statementMap":{},"fnMap":{},"branchMap":{},"s":{},"f":{},"b":{},"_coverageSchema":"1a1c01bbd47fc00a2c39e90264f33305004495a9","hash":"909f613f34a574d6cf836e182e86e2c41ff6e17b"}
,"/Users/kam/worker/github/sukee/components/config-provider/ConfigProvider.tsx": {"path":"/Users/kam/worker/github/sukee/components/config-provider/ConfigProvider.tsx","statementMap":{"0":{"start":{"line":13,"column":25},"end":{"line":13,"column":29}},"1":{"start":{"line":17,"column":22},"end":{"line":23,"column":45}},"2":{"start":{"line":18,"column":2},"end":{"line":18,"column":51}},"3":{"start":{"line":18,"column":26},"end":{"line":18,"column":51}},"4":{"start":{"line":20,"column":26},"end":{"line":20,"column":104}},"5":{"start":{"line":22,"column":2},"end":{"line":22,"column":76}},"6":{"start":{"line":25,"column":15},"end":{"line":27,"column":19}},"7":{"start":{"line":26,"column":2},"end":{"line":26,"column":23}},"8":{"start":{"line":29,"column":1},"end":{"line":33,"column":2}},"9":{"start":{"line":38,"column":1},"end":{"line":49,"column":2}},"10":{"start":{"line":42,"column":4},"end":{"line":45,"column":6}}},"fnMap":{"0":{"name":"ProviderChildren","decl":{"start":{"line":15,"column":9},"end":{"line":15,"column":25}},"loc":{"start":{"line":15,"column":75},"end":{"line":34,"column":1}},"line":15},"1":{"name":"(anonymous_1)","decl":{"start":{"line":17,"column":34},"end":{"line":17,"column":35}},"loc":{"start":{"line":17,"column":94},"end":{"line":23,"column":2}},"line":17},"2":{"name":"(anonymous_2)","decl":{"start":{"line":25,"column":23},"end":{"line":25,"column":24}},"loc":{"start":{"line":25,"column":29},"end":{"line":27,"column":2}},"line":25},"3":{"name":"ConfigProvider","decl":{"start":{"line":36,"column":9},"end":{"line":36,"column":23}},"loc":{"start":{"line":36,"column":71},"end":{"line":50,"column":1}},"line":36},"4":{"name":"(anonymous_4)","decl":{"start":{"line":40,"column":5},"end":{"line":40,"column":6}},"loc":{"start":{"line":42,"column":4},"end":{"line":45,"column":6}},"line":42}},"branchMap":{"0":{"loc":{"start":{"line":18,"column":2},"end":{"line":18,"column":51}},"type":"if","locations":[{"start":{"line":18,"column":2},"end":{"line":18,"column":51}},{"start":{},"end":{}}],"line":18},"1":{"loc":{"start":{"line":20,"column":26},"end":{"line":20,"column":104}},"type":"binary-expr","locations":[{"start":{"line":20,"column":26},"end":{"line":20,"column":42}},{"start":{"line":20,"column":46},"end":{"line":20,"column":84}},{"start":{"line":20,"column":88},"end":{"line":20,"column":104}}],"line":20},"2":{"loc":{"start":{"line":22,"column":9},"end":{"line":22,"column":76}},"type":"cond-expr","locations":[{"start":{"line":22,"column":21},"end":{"line":22,"column":58}},{"start":{"line":22,"column":61},"end":{"line":22,"column":76}}],"line":22}},"s":{"0":1,"1":0,"2":0,"3":0,"4":0,"5":0,"6":0,"7":0,"8":0,"9":0,"10":0},"f":{"0":0,"1":0,"2":0,"3":0,"4":0},"b":{"0":[0,0],"1":[0,0,0],"2":[0,0]},"_coverageSchema":"1a1c01bbd47fc00a2c39e90264f33305004495a9","hash":"eee2ac1d37b441e52d64813fdf8e6105c51c2e99"}
,"/Users/kam/worker/github/sukee/components/config-provider/context.ts": {"path":"/Users/kam/worker/github/sukee/components/config-provider/context.ts","statementMap":{"0":{"start":{"line":4,"column":28},"end":{"line":8,"column":1}},"1":{"start":{"line":5,"column":1},"end":{"line":5,"column":50}},"2":{"start":{"line":5,"column":25},"end":{"line":5,"column":50}},"3":{"start":{"line":7,"column":1},"end":{"line":7,"column":44}},"4":{"start":{"line":9,"column":29},"end":{"line":11,"column":2}},"5":{"start":{"line":13,"column":30},"end":{"line":13,"column":52}},"6":{"start":{"line":16,"column":1},"end":{"line":16,"column":33}}},"fnMap":{"0":{"name":"(anonymous_0)","decl":{"start":{"line":4,"column":28},"end":{"line":4,"column":29}},"loc":{"start":{"line":4,"column":89},"end":{"line":8,"column":1}},"line":4},"1":{"name":"useConfig","decl":{"start":{"line":15,"column":16},"end":{"line":15,"column":25}},"loc":{"start":{"line":15,"column":28},"end":{"line":17,"column":1}},"line":15}},"branchMap":{"0":{"loc":{"start":{"line":5,"column":1},"end":{"line":5,"column":50}},"type":"if","locations":[{"start":{"line":5,"column":1},"end":{"line":5,"column":50}},{"start":{},"end":{}}],"line":5},"1":{"loc":{"start":{"line":7,"column":8},"end":{"line":7,"column":44}},"type":"cond-expr","locations":[{"start":{"line":7,"column":20},"end":{"line":7,"column":37}},{"start":{"line":7,"column":40},"end":{"line":7,"column":44}}],"line":7}},"s":{"0":1,"1":1,"2":0,"3":1,"4":1,"5":1,"6":1},"f":{"0":1,"1":1},"b":{"0":[0,1],"1":[1,0]},"_coverageSchema":"1a1c01bbd47fc00a2c39e90264f33305004495a9","hash":"5fdf62519d39deddc87138b92c27eda926225fff"}
,"/Users/kam/worker/github/sukee/components/config-provider/index.ts": {"path":"/Users/kam/worker/github/sukee/components/config-provider/index.ts","statementMap":{},"fnMap":{},"branchMap":{},"s":{},"f":{},"b":{},"_coverageSchema":"1a1c01bbd47fc00a2c39e90264f33305004495a9","hash":"f82ca3351178076e76e5819a0b4e56a00312e90f"}
}
