TN:
SF:components/index.tsx
FNF:0
FNH:0
LF:0
LH:0
BRF:0
BRH:0
end_of_record
TN:
SF:components/button/Button.tsx
FN:23,Button
FNF:1
FNH:1
FNDA:1,Button
DA:32,1
DA:34,1
DA:35,1
DA:37,1
DA:47,1
LF:5
LH:5
BRDA:29,0,0,1
BRDA:30,1,0,1
BRDA:31,2,0,1
BRF:3
BRH:3
end_of_record
TN:
SF:components/button/index.ts
FNF:0
FNH:0
LF:0
LH:0
BRF:0
BRH:0
end_of_record
TN:
SF:components/config-provider/ConfigProvider.tsx
FN:15,ProviderChildren
FN:17,(anonymous_1)
FN:25,(anonymous_2)
FN:36,ConfigProvider
FN:40,(anonymous_4)
FNF:5
FNH:0
FNDA:0,ProviderChildren
FNDA:0,(anonymous_1)
FNDA:0,(anonymous_2)
FNDA:0,ConfigProvider
FNDA:0,(anonymous_4)
DA:13,1
DA:17,0
DA:18,0
DA:20,0
DA:22,0
DA:25,0
DA:26,0
DA:29,0
DA:38,0
DA:42,0
LF:10
LH:1
BRDA:18,0,0,0
BRDA:18,0,1,0
BRDA:20,1,0,0
BRDA:20,1,1,0
BRDA:20,1,2,0
BRDA:22,2,0,0
BRDA:22,2,1,0
BRF:7
BRH:0
end_of_record
TN:
SF:components/config-provider/context.ts
FN:4,(anonymous_0)
FN:15,useConfig
FNF:2
FNH:2
FNDA:1,(anonymous_0)
FNDA:1,useConfig
DA:4,1
DA:5,1
DA:7,1
DA:9,1
DA:13,1
DA:16,1
LF:6
LH:6
BRDA:5,0,0,0
BRDA:5,0,1,1
BRDA:7,1,0,1
BRDA:7,1,1,0
BRF:4
BRH:2
end_of_record
TN:
SF:components/config-provider/index.ts
FNF:0
FNH:0
LF:0
LH:0
BRF:0
BRH:0
end_of_record
